<?xml version="1.0" encoding="UTF-8"?>
<testsuite xmlns:xsi="http://www.w3.org/2001/XMLSchema-instance" xsi:noNamespaceSchemaLocation="https://maven.apache.org/surefire/maven-surefire-plugin/xsd/surefire-test-report.xsd" name="com.example.sweng.Storia2024Suite" time="25.743" tests="2" errors="0" skipped="0" failures="0">
  <properties>
[...]
</properties>
  <testcase name="testGreetingService" classname="com.example.sweng.client.Storia2024Test" time="25.596"/>
  <testcase name="testFieldVerifier" classname="com.example.sweng.client.Storia2024Test" time="0.09"/>
</testsuite>